<?xml version="1.0" encoding="UTF-8"?>
<!-- Generated by org.testng.reporters.JUnitReportReporter -->
<testsuite hostname="e48e198813b1" failures="0" tests="1" name="com.continuoustesting.testcases.VisaRegistration" time="5.281" errors="0" timestamp="2021-08-25T18:58:30 UTC" skipped="0">
  <testcase classname="com.continuoustesting.testcases.VisaRegistration" name="visaRegistration" time="5.281"/>
  <system-out/>
</testsuite> <!-- com.continuoustesting.testcases.VisaRegistration -->
