<?xml version="1.0" encoding="UTF-8"?>
<!-- Generated by org.testng.reporters.JUnitReportReporter -->
<testsuite hostname="0c2b8d4c7b01" failures="0" tests="1" name="com.continuoustesting.testcases.VisaRegistration" time="4.215" errors="0" timestamp="2021-08-25T18:58:24 UTC" skipped="0">
  <testcase classname="com.continuoustesting.testcases.VisaRegistration" name="visaRegistration" time="4.215"/>
  <system-out/>
</testsuite> <!-- com.continuoustesting.testcases.VisaRegistration -->
